<?xml version="1.0" encoding="UTF-8"?>
<!-- Generated by org.testng.reporters.JUnitReportReporter -->
<testsuite hostname="sahil" failures="0" tests="1" name="testScripts.Test2" time="0.005" errors="0" timestamp="2021-11-25T01:03:22 IST" skipped="0">
  <testcase classname="testScripts.Test2" name="tc2" time="0.005"/>
  <system-out>
    <![CDATA[hello selenium]]>
  </system-out>
</testsuite> <!-- testScripts.Test2 -->
