<?xml version="1.0" encoding="UTF-8"?>
<!-- Generated by org.testng.reporters.JUnitReportReporter -->
<testsuite hostname="sahil" failures="0" tests="1" name="testScripts.Test1" time="0.023" errors="0" timestamp="2021-11-25T01:03:22 IST" skipped="0">
  <testcase classname="testScripts.Test1" name="tc1" time="0.023"/>
  <system-out>
    <![CDATA[hello java]]>
  </system-out>
</testsuite> <!-- testScripts.Test1 -->
