<?xml version="1.0" encoding="UTF-8"?>
<!-- Generated by org.testng.reporters.JUnitReportReporter -->
<testsuite hostname="sahil" failures="0" tests="1" name="testScripts.Test3" time="0.003" errors="0" timestamp="2021-11-25T01:03:22 IST" skipped="0">
  <testcase classname="testScripts.Test3" name="tc3" time="0.003"/>
  <system-out>
    <![CDATA[hello python]]>
  </system-out>
</testsuite> <!-- testScripts.Test3 -->
